2017-05-17 08:41:02 PM : ['https://weibo.cn/comment/F3x7PF7F5?uid=1844617613&rl=0&vt=4#cmtfrm', 'https://weibo.cn/comment/F3wYKawCW?uid=1844617613&rl=0&vt=4#cmtfrm', 'https://weibo.cn/comment/F3wTHyVEY?uid=1844617613&rl=0&vt=4#cmtfrm', 'https://weibo.cn/comment/F3wNZfbQ7?uid=1844617613&rl=0&vt=4#cmtfrm', 'https://weibo.cn/comment/F3wDisJ5w?uid=18446176132017-05-17 08:41:14 PM : Resetting dropped connection: weibo.cn
2017-05-17 08:41:15 PM : https://weibo.cn:443 "GET /comment/F3yMbofxY?uid=1844617613&rl=0&vt=4 HTTP/1.1" 200 2613
2017-05-17 08:41:32 PM : https://weibo.cn:443 "GET /comment/F3yJPFSoV?uid=1844617613&rl=0&vt=4&page=1 HTTP/1.1" 200 3144
2017-05-17 08:41:36 PM : https://weibo.cn:443 "GET /comment/F3yJPFSoV?uid=1844617613&rl=0&vt=4 HTTP/1.1" 200 3066
2017-05-17 08:41:38 PM : Starting new HTTP connection (1): weibo.cn
2017-05-17 08:41:38 PM : http://weibo.cn:80 "GET /gzyhl?page=14&vt=4 HTTP/1.1"2017-05-17 08:41:42 PM : https://weibo.cn:443 "GET /comment/F3wTHyVEY?uid=1844617613&rl=0&vt=4&page=1 HTTP/1.1" 200 2371
2017-05-17 08:41:44 PM : https://weibo.cn:443 "GET /comment/F3wTHyVEY?uid=1844617613&rl=0&vt=4 HTTP/1.1" 200 2369
2017-05-17 08:41:47 PM : https://weibo.cn:443 "GET /comment/F3wNZfbQ7?uid=1844617613&rl=0&vt=4&page=1 HTTP/1.1" 200 2516
2017-05-17 08:41:50 PM : https://weibo.cn:443 "GET /comment/F3wNZfbQ7?uid=1844617613&rl=0&vt=4 HTTP/1.1" 200 2516
2017-05-17 08:41:53 PM : https://weibo.cn:443 "GET /comment/F3wDisJ5w?uid=1844617613&rl=0&vt=4&page=1 HTTP/1.1" 200 3488
2017-05-17 08:41:54 PM : https://weibo.cn:443 "GET /comment/F3wDisJ5w?uid=1844617613&rl=0&vt=4&page=2 HTTP/1.1" 200 2534
2017-05-17 08:41:56 PM : https://weibo.cn:443 "GET /comment/F3wDisJ5w?uid=1844617613&rl=0&vt=4 HTTP/1.1" 200 3486
/comment/F3ru69uLT?uid=1844617613&rl=0&vt=4&page=1 HTTP/1.1" 200 2878
2017-05-17 08:41:54 PM : https://weibo.cn:443 "GET /comment/F3ru69uLT?uid=1844617613&rl=0&vt=4 HTTP/1.1" 200 2875
page=1 HTTP/1.1" 200 2629
2017-05-17 08:41:56 PM : https://weibo.cn:443 "GET /comment/F3w8Sjzgr?uid=1844617613&rl=0&vt=4&page=2 HTTP/1.1" 202017-05-17 08:41:59 PM : https://weibo.cn:443 "GET /comment/F3uoriK9X?uid=1844617613&rl=0&vt=4&page=1 HTTP/1.1" 200 3064
2017-05-17 08:42:00 PM : https://weibo.cn:443 "GET /comment/F3uoriK9X?uid=1844617613&rl=0&vt=4 HTTP/1.1" 200 3061
2017-05-17 08:42:03 PM : https://weibo.cn:443 "GET /comment/F3ujw5143?uid=1844617613&rl=0&vt=4&page=1 HTTP/1.1" 200 2556
2017-05-17 08:42:04 PM : https://weibo.cn:443 "GET /comment/F3ujw5143?uid=1844617613&rl=0&vt=4 HTTP/1.1" 200 2557
0 2629
2017-05-17 082017-05-17 08:42:04 PM : https://weibo.cn:443 "GET /comment/F3xpk97E7?uid=1844617613&rl=0&vt=4 HTTP/1.1" 200 2337
2017-05-17 08:42:07 PM : https://weibo.cn:443 "GET /comment/F3xnXmbmL?uid=1844617613&rl=0&vt=4&page=1 HTTP/1.1" 200 2550
2017-05-17 08:42:08 PM : https://weibo.cn:443 "GET /comment/F3xnXmbmL?uid=1844617613&rl=0&vt=4 HTTP/1.1" 200 2548
/1.1" 200 2217
2017-05-17 08:42:07 PM : https://weibo.cn:443 "GET /comment/F3oXzC40f?uid=1844617613&rl=0&vt=4 HTTP/1.1" 200 3382
2017-05-17 08:42:10 PM : https://weibo.cn:443 "GET /comment/F3oVYC0qf?uid=1844617613&rl=0&vt=4&page=1 HTTP/1.1" 200 2615
2017-05-17 08:42:10 PM : https://weibo.cn:443 "GET /comment/F3oVYC0qf?uid=1844617613&rl=0&vt=4 HTTP/1.1" 200 2613
2017-05-17 08:42:13 PM : https://weibo.cn:443 "GET /comment/F3oRXwNAh?uid=1844617613&rl=0&vt=4&page=1 HTTP/1.1" 200 2578
2017-05-17 08:42:14 PM : https://weibo.cn:443 "GET /comment/F3oRXwNAh?uid=1844617613&rl=0&vt=4 HTTP/1.1" 200 2577
2017-05-17 08:42:17 PM : https://weibo.cn:443 "GET /comment/F3oQUe6IM?uid=1844617613&rl=0&vt=4&page=1 HTTP/1.1" 200 2777
2017-05-17 08:42:18 PM : https://weibo.cn:443 "GET /comment/F3oQUe6IM?uid=1844617613&rl=0&vt=4 HTTP/1.1" 200 2773
2017-05-17 08:42:19 PM : https://weibo.cn:443 "GET /comment/F3oPVkPAc?uid=1844617613&rl=0&vt=4&page=1 HTTP/1.1" 200 2675
2017-05-17 08:42:20 PM : https://weibo.cn:443 "GET /comment/F3oPVkPAc?uid=1844617613&rl=0&vt=4 HTTP/1.1" 200 2674
t/F3qamvh9S?uid=1844617613&rl=0&vt=4&page=1 HTTP/1.1" 200 2486
2017-05-17 08:41:23 PM : https://weibo.cn:443 "GET /comment/F3qamvh9S?uid=1844617613&rl=0&vt=4 HTTP/1.1" 200 2481
2017-05-17 08:41:23 PM : Starting new HTTP connection (1): weibo.cn
2017-05-17 08:41:23 PM : http://weibo.cn:80 "GET /gzyhl?page=12&vt=4 HTTP/1.1" 302 20
2017-05-17 08:41:24 PM : Starting new HTTPS connection (1): weibo.cn
2017-05-17 08:41:24 PM : https://weibo.cn:443 "GET /gzyhl?page=12&vt=4 HTTP/1.1" 200 4369
2017-05-17 08:41:25 PM : ['https://weibo.cn/comment/F3pUHtWNw?uid=1844617613&rl=0&vt=4#cmtfrm', 'https://weibo.cn/comment/F3pMum86y?uid=1844617613&rl=0&vt=4#cmtfrm', 'https://weibo.cn/comment/F3pyzf32E?uid=1844617613&rl=0&vt=4#cmtfrm', 'https://weibo.cn/comment/F3pwLdNC0?uid=1844617613&rl=0&vt=4#cmtfrm', 'https://weibo.cn/comment/F3pvHCoeb?uid=1844617613&rl=0&vt=4#cmtfrm', 'https://weibo.cn/comment/F3ptYF2YH?uid=1844617613&rl=0&vt=4#cmtfrm']
2017-05-17 08:41:27 PM : https://weibo.cn:443 "GET /comment/F3pUHtWNw?uid=1844617613&rl=0&vt=4&page=1 HTTP/1.1" 200 3616
2017-05-17 08:41:29 PM : https://weibo.cn:443 "GET /comment/F3pUHtWNw?uid=1844617613&rl=0&vt=4&page=2 HTTP/1.1" 200 3338
2017-05-17 08:41:31 PM : https://weibo.cn:443 "GET /comment/F3pUHtWNw?uid=1844617613&rl=0&vt=4&page=3 HTTP/1.1" 200 2902
2017-05-17 08:41:32 PM : https://weibo.cn:443 "GET /comment/F3pUHtWNw?uid=1844617613&rl=0&vt=4 HTTP/1.1" 200 3616
2017-05-17 08:41:32 PM : Starting new HTTP connection (1): weibo.cn
2017-05-17 08:41:38 PM : http://weibo.cn:80 "GET /gzyhl?page=13&vt=4 HTTP/1.1" 302 20
2017-05-17 08:41:38 PM : Starting new HTTPS connection (1): weibo.cn
2017-05-17 08:41:38 PM : https://weibo.cn:443 "GET /gzyhl?page=13&vt=4 HTTP/1.1" 200 4293
2017-05-17 08:41:38 PM : ['https://weibo.cn/comment/F3psd3Vmu?uid=1844617613&rl=0&vt=4#cmtfrm', 'https://weibo.cn/comment/F3pkPlDh0?uid=1844617613&rl=0&vt=4#cmtfrm', 'https://weibo.cn/comment/F3pcJ01Hy?uid=1844617613&rl=0&vt=4#cmtfrm', 'https://weibo.cn/comment/F3p7jBbpG?uid=1844617613&rl=0&vt=4#cmtfrm', 'https://weibo.cn/comment/F3p6k7WAk?uid=1844617613&rl=0&vt=4#cmtfrm']
2017-05-17 08:41:41 PM : https://weibo.cn:443 "GET /comment/F3psd3Vmu?uid=1844617613&rl=0&vt=4&page=1 HTTP/1.1" 200 2732
2017-05-17 08:41:41 PM : https://weibo.cn:443 "GET /comment/F3psd3Vmu?uid=1844617613&rl=0&vt=4 HTTP/1.1" 200 2728
