INFO:2016-12-19 11:03:24,457:D:\project\weibo_showing\app\analyse\买卖交易结果
INFO:2016-12-19 11:03:25,153:[0, 1, 0, 0, 1, 1, 1, 2, 1, 1, 1, 1, 1, 1, 1, 1, 2, 1, 1, 0, 1, 1, 2, 1, 1, 1, 1, 1, 1, 1, 1, 0, 1, 1, 2, 1, 1, 1, 1, 1, 1, 1, 1, 2, 1, 2, 1, 1, 1, 1, 1, 1, 1, 1, 0, 1, 1, 1, 1, 1, 1, 1, 0, 1, 0, 1]
INFO:2016-12-19 11:34:42,944:D:\project\weibo_showing\app\analyse\买卖交易结果
INFO:2016-12-19 11:34:43,571:[0, 2, 0, 0, 2, 2, 2, 1, 0, 2, 2, 0, 1, 2, 2, 1, 1, 2, 2, 0, 2, 2, 1, 2, 2, 2, 1, 2, 2, 2, 2, 0, 0, 2, 1, 2, 1, 2, 0, 2, 0, 0, 2, 1, 2, 1, 2, 2, 2, 2, 2, 0, 2, 2, 0, 2, 2, 2, 2, 2, 1, 2, 0, 2, 0, 2]
INFO:2016-12-19 12:48:18,431:D:\project\weibo_showing\app\analyse\买卖交易结果
INFO:2016-12-19 12:49:37,588:D:\project\weibo_showing\app\analyse\买卖交易结果
INFO:2016-12-19 12:49:38,216:[2, 2, 2, 1, 2, 2, 2, 2, 1, 2, 2, 1, 2, 2, 2, 2, 2, 2, 2, 2, 2, 2, 2, 2, 2, 2, 2, 2, 2, 2, 2, 2, 0, 2, 2, 2, 2, 2, 1, 2, 1, 1, 2, 2, 2, 2, 2, 2, 2, 2, 2, 1, 2, 2, 2, 2, 2, 2, 2, 2, 2, 2, 2, 2, 2, 2]
INFO:2016-12-19 12:49:39,055:D:\project\weibo_showing\app\analyse\学校新闻结果
INFO:2016-12-19 12:49:39,490:[1, 2, 2, 2, 2, 2, 2, 2, 2, 2, 2, 2, 2, 0, 2, 2, 2, 2, 2, 2, 2, 2, 2, 2, 2, 2, 2, 2, 2, 2, 2, 0, 1, 0, 2, 2, 0, 1, 2, 2, 0, 2, 2, 2, 0, 1, 2, 2, 2, 2, 2, 2, 2, 2]
INFO:2016-12-19 12:49:40,901:D:\project\weibo_showing\app\analyse\情感结果
INFO:2016-12-19 12:49:41,417:[1, 0, 0, 0, 0, 0, 1, 0, 1, 1, 0, 1, 2, 1, 0, 1, 0, 0, 0, 0, 2, 0, 0, 0, 0, 0, 1, 0, 2, 0, 0, 0, 0, 2, 1, 0, 0, 0, 0, 1, 1, 0, 0, 1, 0, 0, 0, 0, 1, 2, 0, 2, 0, 0, 0, 2, 0, 0]
INFO:2016-12-19 12:49:42,897:D:\project\weibo_showing\app\analyse\校园生活结果
INFO:2016-12-19 12:49:43,415:[2, 0, 0, 0, 0, 0, 0, 0, 2, 0, 2, 0, 0, 0, 0, 0, 2, 0, 1, 0, 0, 0, 2, 0, 0, 2, 0, 0, 0, 0, 0, 0, 2, 0, 0, 0, 0, 0, 0, 0, 0, 0, 0, 2, 0, 0, 2, 0, 0, 0, 2, 2, 0, 0, 0, 0, 0, 0, 0, 0, 2]
INFO:2016-12-19 12:49:45,470:D:\project\weibo_showing\app\analyse\求助结果
INFO:2016-12-19 12:49:46,082:[0, 2, 2, 2, 2, 0, 0, 2, 2, 2, 0, 2, 2, 0, 2, 2, 2, 1, 2, 2, 2, 2, 2, 2, 2, 0, 2, 2, 2, 2, 0, 2, 2, 2, 2, 2, 0, 2, 2, 2, 2, 2, 2, 1, 1, 2, 1, 2, 2, 2, 0, 2, 1, 2, 2, 2, 0, 2, 2, 2, 2, 2, 0, 1, 0, 2, 2, 2, 2, 2, 2, 2, 2, 2, 2, 2, 2, 2, 0, 2]
INFO:2016-12-19 12:49:46,127:D:\project\weibo_showing\app\analyse\网络结果
INFO:2016-12-19 16:48:53,842:D:\project\weibo_showing\app\analyse\买卖交易结果
INFO:2016-12-19 16:48:54,986:[0, 1, 0, 2, 0, 0, 0, 0, 0, 0, 1, 1, 1, 0, 0, 0, 0, 0, 2, 1, 0, 0, 0, 0, 1, 0, 1, 0, 0, 0, 1, 0, 0, 0, 2, 0, 0, 1, 0, 0, 0, 0, 0, 0, 0, 0, 1, 0, 0, 2, 0, 0, 0, 0, 0, 1, 0, 0, 0, 1, 2, 0, 0, 1, 0, 0, 1, 0, 0, 0, 0, 0, 1, 0, 0, 0, 0, 0, 0, 0, 0, 0, 1, 1, 1, 0, 0, 1, 0, 0]
INFO:2016-12-19 16:48:55,823:D:\project\weibo_showing\app\analyse\学校新闻结果
INFO:2016-12-19 16:48:56,259:[1, 1, 1, 1, 1, 1, 2, 1, 1, 1, 1, 1, 2, 1, 1, 1, 1, 1, 1, 0, 2, 2, 1, 1, 1, 2, 1, 1, 0, 1, 1, 1, 1, 1, 1, 1, 1, 1, 1, 1, 1, 1, 1, 1]
INFO:2016-12-19 16:48:57,845:D:\project\weibo_showing\app\analyse\情感结果
INFO:2016-12-19 16:48:58,706:[0, 0, 2, 0, 1, 2, 2, 1, 2, 2, 0, 1, 1, 2, 0, 2, 0, 1, 1, 1, 2, 2, 2, 2, 2, 0, 1, 1, 1, 2, 0, 2, 1, 2, 0, 0, 0, 0, 2, 0, 1, 2, 1, 1, 1, 2, 1, 2, 1, 1, 2, 2, 0, 2, 2, 2, 0, 0, 1, 2, 0, 2, 1, 2, 1, 1, 2, 1, 1, 1, 2, 2, 1, 0, 2, 1, 0, 2, 2, 1, 2, 1]
INFO:2016-12-19 16:49:00,196:D:\project\weibo_showing\app\analyse\校园生活结果
INFO:2016-12-19 16:49:00,687:[2, 1, 1, 1, 1, 0, 1, 0, 2, 0, 2, 1, 1, 1, 1, 1, 2, 1, 2, 1, 1, 1, 2, 1, 1, 2, 1, 1, 1, 1, 1, 1, 2, 1, 1, 1, 1, 1, 1, 1, 1, 1, 1, 2, 1, 1, 2, 1, 1, 1, 2, 2, 1, 1, 1, 1, 1, 1, 1, 1, 2]
INFO:2016-12-19 16:49:02,895:D:\project\weibo_showing\app\analyse\求助结果
INFO:2016-12-19 16:49:03,493:[2, 1, 1, 1, 1, 1, 1, 2, 2, 1, 1, 1, 1, 2, 1, 1, 2, 1, 1, 1, 0, 1, 1, 1, 1, 1, 1, 1, 2, 1, 1, 1, 1, 2, 1, 1, 1, 1, 1, 2, 1, 1, 1, 1, 1, 0, 1, 0, 0, 1, 0, 1, 1, 1, 1, 2, 1, 0, 1, 1, 1, 2, 1, 1, 1, 1, 1, 2, 0, 2, 1, 1, 1, 1, 1, 1, 1, 1, 1, 1, 1, 1, 1, 1, 1, 2, 1]
INFO:2016-12-19 16:49:03,631:D:\project\weibo_showing\app\analyse\网络结果
INFO:2016-12-19 19:50:44,505:D:\project\weibo_showing\app\analyse\买卖交易结果
INFO:2016-12-19 19:50:46,285:[2, 0, 2, 0, 2, 1, 2, 2, 2, 2, 2, 0, 2, 2, 2, 2, 2, 2, 2, 2, 2, 2, 2, 2, 2, 2, 2, 2, 2, 2, 2, 2, 2, 2, 0, 2, 2, 2, 2, 1, 2, 2, 2, 2, 2, 2, 0, 2, 2, 2, 1, 2, 2, 2, 2, 2, 2, 2, 2, 2, 2, 2, 0, 0, 2, 0, 2, 0, 2, 0, 2, 1, 2, 2, 2, 2, 2, 0, 2, 2, 2, 2, 2, 2, 2, 2, 2, 2, 2, 2, 2, 2, 2, 2, 2, 2, 2, 2, 2, 2, 0, 2, 2, 2, 2, 1, 2, 2, 2, 2, 2, 2, 0, 2, 2, 2, 1, 2, 2, 2, 2, 2, 2, 2, 2, 2, 2, 2, 0, 0, 2, 0]
INFO:2016-12-19 19:50:49,877:D:\project\weibo_showing\app\analyse\求助结果
INFO:2016-12-19 19:50:52,875:[2, 1, 2, 1, 2, 2, 1, 2, 2, 2, 2, 2, 2, 2, 2, 2, 1, 2, 2, 2, 2, 2, 1, 1, 1, 1, 2, 2, 2, 2, 2, 2, 2, 1, 1, 2, 2, 2, 2, 2, 2, 2, 2, 2, 2, 2, 2, 2, 2, 2, 1, 1, 1, 2, 1, 1, 2, 1, 1, 2, 1, 2, 2, 2, 1, 2, 2, 2, 2, 2, 1, 1, 2, 2, 2, 2, 1, 2, 2, 2, 2, 2, 1, 2, 1, 2, 2, 1, 2, 1, 1, 2, 2, 2, 2, 1, 2, 2, 2, 2, 2, 1, 1, 1, 1, 1, 2, 1, 1, 1, 2, 1, 1, 2, 1, 2, 2, 2, 1, 1, 2, 2, 1, 2, 1, 2, 2, 1, 2, 2, 2, 2, 2, 2, 2, 2, 2, 1, 2, 2, 2, 2, 2, 1, 1, 1, 1, 2, 2, 2, 2, 2, 2, 2, 1, 1, 2, 2, 2, 2, 2, 2, 2, 2, 2, 2, 2, 2, 2, 2, 2, 1, 1, 1, 2, 1, 1, 2, 1, 1, 2, 1, 2, 2, 2, 1, 2, 2, 2, 2, 2, 1, 1, 2, 2, 2, 2, 1, 2, 2, 2, 2, 2, 1, 2, 1, 2, 2, 1, 2, 1, 1, 2, 2, 2, 2, 1, 2, 2, 2, 2, 2, 1, 1, 1, 1, 1, 2, 1, 1, 1, 2, 1, 1, 2, 1, 2, 2, 2, 1, 1, 2]
INFO:2016-12-19 19:50:55,882:D:\project\weibo_showing\app\analyse\校园生活结果
INFO:2016-12-19 19:50:57,234:[2, 1, 1, 1, 1, 1, 1, 1, 1, 2, 2, 1, 1, 1, 2, 1, 1, 2, 1, 1, 1, 1, 1, 1, 1, 1, 1, 1, 2, 1, 1, 1, 1, 1, 1, 2, 1, 1, 2, 1, 1, 1, 2, 1, 2, 1, 1, 1, 1, 1, 2, 1, 2, 1, 1, 1, 1, 1, 1, 1, 0, 2, 1, 1, 1, 1, 1, 1, 1, 1, 2, 2, 1, 1, 1, 2, 1, 1, 2, 1, 1, 1, 1, 1, 1, 1, 1, 1, 1, 2, 1, 1, 1, 1, 1, 1, 2, 1, 1, 2, 1, 1, 1, 2, 1, 2, 1, 1, 1, 1, 1, 2, 1, 2, 1, 1, 1, 1, 1, 1, 1, 0]
INFO:2016-12-19 19:50:59,153:D:\project\weibo_showing\app\analyse\学校新闻结果
INFO:2016-12-19 19:51:00,017:[0, 0, 0, 0, 0, 0, 0, 0, 1, 0, 0, 0, 0, 1, 1, 0, 0, 1, 0, 0, 1, 0, 0, 1, 0, 0, 0, 0, 0, 0, 0, 1, 0, 0, 0, 0, 0, 0, 0, 0, 0, 0, 0, 0, 0, 0, 0, 0, 0, 0, 1, 0, 0, 0, 0, 1, 1, 0, 0, 1, 0, 0, 1, 0, 0, 1, 0, 0, 0, 0, 0, 0, 0, 1, 0, 0, 0, 0, 0, 0, 0, 0, 0, 0]
INFO:2016-12-19 19:51:00,125:D:\project\weibo_showing\app\analyse\网络结果
INFO:2016-12-19 19:51:02,834:D:\project\weibo_showing\app\analyse\情感结果
INFO:2016-12-19 19:51:03,976:[0, 1, 2, 1, 0, 0, 1, 2, 1, 0, 0, 1, 1, 0, 1, 1, 1, 1, 0, 0, 1, 1, 2, 1, 1, 0, 1, 2, 1, 1, 1, 0, 1, 1, 0, 2, 1, 1, 1, 0, 0, 1, 1, 1, 1, 0, 1, 0, 1, 1, 0, 0, 0, 1, 2, 1, 0, 0, 1, 2, 1, 0, 0, 1, 1, 0, 1, 1, 1, 1, 0, 0, 1, 1, 2, 1, 1, 0, 1, 2, 1, 1, 1, 0, 1, 1, 0, 2, 1, 1, 1, 0, 0, 1, 1, 1, 1, 0, 1, 0, 1, 1, 0, 0]
INFO:2016-12-19 19:52:27,424:D:\project\weibo_showing\app\analyse\买卖交易结果
INFO:2016-12-19 19:52:28,782:[2, 2, 2, 1, 2, 2, 1, 2, 2, 2, 2, 2, 2, 2, 2, 2, 2, 2, 2, 1, 2, 2, 2, 2, 2, 2, 2, 2, 2, 2, 1, 2, 2, 2, 2, 2, 2, 2, 2, 1, 2, 2, 2, 2, 2, 2, 2, 1, 2, 2, 2, 2, 2, 2, 2, 2, 2, 2, 2, 1, 2, 2, 2, 1, 2, 2, 1, 2, 2, 2, 2, 2, 2, 2, 2, 2, 2, 2, 2, 1, 2, 2, 2, 2, 2, 2, 2, 2, 2, 2, 1, 2, 2, 2, 2, 2, 2, 2, 2, 1, 2, 2, 2, 2, 2, 2, 2, 1, 2, 2, 2, 2, 2, 2, 2, 2, 2, 2, 2, 1]
INFO:2016-12-19 19:52:32,016:D:\project\weibo_showing\app\analyse\求助结果
INFO:2016-12-19 19:52:33,891:[1, 2, 1, 1, 1, 1, 1, 1, 1, 1, 1, 1, 1, 1, 1, 2, 0, 2, 1, 1, 1, 1, 1, 2, 1, 1, 1, 0, 1, 2, 1, 1, 1, 0, 1, 0, 0, 1, 1, 1, 1, 1, 1, 2, 1, 1, 1, 1, 1, 2, 1, 1, 1, 1, 2, 1, 1, 1, 1, 1, 1, 1, 0, 1, 1, 1, 2, 1, 1, 2, 1, 1, 1, 2, 2, 1, 1, 1, 1, 2, 1, 2, 1, 1, 1, 1, 1, 1, 1, 1, 1, 1, 1, 1, 1, 2, 0, 2, 1, 1, 1, 1, 1, 2, 1, 1, 1, 0, 1, 2, 1, 1, 1, 0, 1, 0, 0, 1, 1, 1, 1, 1, 1, 2, 1, 1, 1, 1, 1, 2, 1, 1, 1, 1, 2, 1, 1, 1, 1, 1, 1, 1, 0, 1, 1, 1, 2, 1, 1, 2, 1, 1, 1, 2, 2, 1, 1, 1, 1, 2]
INFO:2016-12-19 19:52:36,667:D:\project\weibo_showing\app\analyse\校园生活结果
INFO:2016-12-19 19:52:37,970:[1, 0, 0, 2, 2, 2, 0, 1, 2, 0, 0, 2, 0, 1, 0, 2, 1, 2, 0, 1, 1, 2, 2, 1, 0, 2, 2, 1, 1, 1, 0, 2, 2, 1, 1, 1, 1, 1, 2, 0, 1, 2, 2, 0, 2, 2, 2, 2, 1, 0, 2, 1, 0, 0, 2, 2, 2, 0, 1, 2, 0, 0, 2, 0, 1, 0, 2, 1, 2, 0, 1, 1, 2, 2, 1, 0, 2, 2, 1, 1, 1, 0, 2, 2, 1, 1, 1, 1, 1, 2, 0, 1, 2, 2, 0, 2, 2, 2, 2, 1, 0, 2]
INFO:2016-12-19 19:52:39,960:D:\project\weibo_showing\app\analyse\学校新闻结果
INFO:2016-12-19 19:52:40,987:[0, 0, 0, 0, 0, 0, 0, 0, 1, 1, 0, 0, 0, 1, 0, 0, 1, 0, 0, 1, 1, 1, 0, 0, 0, 0, 0, 0, 0, 0, 0, 0, 0, 0, 0, 0, 0, 0, 0, 1, 0, 0, 0, 0, 0, 0, 0, 0, 0, 0, 0, 0, 1, 0, 0, 0, 0, 0, 0, 0, 0, 1, 1, 0, 0, 0, 1, 0, 0, 1, 0, 0, 1, 1, 1, 0, 0, 0, 0, 0, 0, 0, 0, 0, 0, 0, 0, 0, 0, 0, 0, 0, 1, 0, 0, 0, 0, 0, 0, 0, 0, 0, 0, 0, 0, 1]
INFO:2016-12-19 19:52:41,118:D:\project\weibo_showing\app\analyse\网络结果
INFO:2016-12-19 19:52:43,971:D:\project\weibo_showing\app\analyse\情感结果
INFO:2016-12-19 19:52:45,924:[2, 1, 2, 0, 0, 0, 2, 1, 0, 2, 0, 1, 2, 2, 2, 1, 2, 2, 0, 2, 0, 0, 1, 2, 0, 0, 1, 0, 1, 0, 0, 0, 2, 2, 1, 2, 0, 2, 2, 2, 0, 2, 0, 0, 0, 0, 0, 0, 0, 2, 0, 0, 1, 2, 2, 2, 0, 0, 1, 0, 0, 1, 2, 2, 2, 0, 0, 0, 0, 2, 2, 0, 0, 0, 2, 1, 1, 2, 0, 0, 0, 0, 2, 1, 2, 0, 0, 0, 2, 1, 0, 2, 0, 1, 2, 2, 2, 1, 2, 2, 0, 2, 0, 0, 1, 2, 0, 0, 1, 0, 1, 0, 0, 0, 2, 2, 1, 2, 0, 2, 2, 2, 0, 2, 0, 0, 0, 0, 0, 0, 0, 2, 0, 0, 1, 2, 2, 2, 0, 0, 1, 0, 0, 1, 2, 2, 2, 0, 0, 0, 0, 2, 2, 0, 0, 0, 2, 1, 1, 2, 0, 0, 0, 0]
INFO:2016-12-19 19:56:57,582:D:\project\weibo_showing\app\analyse\买卖交易结果
INFO:2016-12-19 19:56:59,775:[0, 0, 1, 0, 0, 1, 1, 2, 0, 0, 0, 0, 0, 0, 0, 0, 0, 1, 0, 0, 0, 0, 0, 1, 0, 0, 1, 0, 0, 2, 1, 0, 0, 0, 1, 0, 0, 0, 0, 0, 2, 0, 0, 1, 0, 0, 0, 0, 0, 0, 0, 0, 1, 0, 0, 2, 0, 0, 0, 1, 0, 0, 0, 1, 0, 1, 0, 0, 0, 0, 1, 2, 0, 0, 0, 0, 0, 1, 1, 1, 0, 0, 0, 0, 0, 0, 2, 0, 1, 0, 0, 0, 1, 0, 0, 1, 1, 2, 0, 0, 0, 0, 0, 0, 0, 0, 0, 1, 0, 0, 0, 0, 0, 1, 0, 0, 1, 0, 0, 2, 1, 0, 0, 0, 1, 0, 0, 0, 0, 0, 2, 0, 0, 1, 0, 0, 0, 0, 0, 0, 0, 0, 1, 0, 0, 2, 0, 0, 0, 1, 0, 0, 0, 1, 0, 1, 0, 0, 0, 0, 1, 2, 0, 0, 0, 0, 0, 1, 1, 1, 0, 0, 0, 0, 0, 0, 2, 0, 1, 0]
INFO:2016-12-19 19:57:03,332:D:\project\weibo_showing\app\analyse\求助结果
INFO:2016-12-19 19:57:05,201:[0, 1, 0, 0, 0, 0, 0, 0, 0, 0, 0, 0, 0, 0, 0, 1, 0, 1, 0, 0, 0, 0, 0, 1, 0, 0, 0, 0, 0, 1, 0, 0, 0, 0, 0, 0, 0, 0, 0, 0, 0, 0, 0, 1, 0, 0, 0, 0, 0, 1, 0, 0, 0, 0, 1, 0, 0, 0, 0, 0, 0, 0, 0, 0, 0, 0, 1, 0, 0, 1, 0, 0, 0, 1, 1, 0, 0, 0, 0, 1, 0, 1, 0, 0, 0, 0, 0, 0, 0, 0, 0, 0, 0, 0, 0, 1, 0, 1, 0, 0, 0, 0, 0, 1, 0, 0, 0, 0, 0, 1, 0, 0, 0, 0, 0, 0, 0, 0, 0, 0, 0, 0, 0, 1, 0, 0, 0, 0, 0, 1, 0, 0, 0, 0, 1, 0, 0, 0, 0, 0, 0, 0, 0, 0, 0, 0, 1, 0, 0, 1, 0, 0, 0, 1, 1, 0, 0, 0, 0, 1]
INFO:2016-12-19 19:57:07,918:D:\project\weibo_showing\app\analyse\校园生活结果
INFO:2016-12-19 19:57:09,805:[1, 2, 1, 1, 0, 1, 1, 0, 0, 0, 1, 1, 0, 1, 0, 2, 0, 1, 1, 0, 1, 0, 0, 1, 0, 2, 0, 1, 0, 1, 2, 0, 0, 1, 2, 2, 0, 0, 1, 2, 0, 0, 1, 0, 2, 1, 2, 2, 1, 0, 0, 0, 1, 1, 1, 1, 1, 2, 2, 1, 1, 1, 2, 2, 1, 2, 0, 0, 2, 0, 0, 1, 0, 0, 0, 0, 0, 2, 1, 0, 0, 1, 2, 1, 1, 0, 1, 1, 0, 0, 0, 1, 1, 0, 1, 0, 2, 0, 1, 1, 0, 1, 0, 0, 1, 0, 2, 0, 1, 0, 1, 2, 0, 0, 1, 2, 2, 0, 0, 1, 2, 0, 0, 1, 0, 2, 1, 2, 2, 1, 0, 0, 0, 1, 1, 1, 1, 1, 2, 2, 1, 1, 1, 2, 2, 1, 2, 0, 0, 2, 0, 0, 1, 0, 0, 0, 0, 0, 2, 1, 0, 0]
INFO:2016-12-19 19:57:11,891:D:\project\weibo_showing\app\analyse\学校新闻结果
INFO:2016-12-19 19:57:12,990:[1, 1, 1, 1, 1, 1, 1, 1, 1, 1, 1, 1, 1, 1, 1, 0, 1, 1, 0, 1, 1, 1, 0, 1, 1, 1, 1, 1, 1, 1, 1, 1, 1, 1, 1, 0, 1, 1, 1, 1, 1, 1, 1, 1, 1, 1, 1, 1, 0, 1, 0, 1, 1, 1, 1, 1, 1, 1, 1, 1, 1, 1, 1, 1, 1, 1, 1, 1, 1, 0, 1, 1, 0, 1, 1, 1, 0, 1, 1, 1, 1, 1, 1, 1, 1, 1, 1, 1, 1, 0, 1, 1, 1, 1, 1, 1, 1, 1, 1, 1, 1, 1, 0, 1, 0, 1, 1, 1]
INFO:2016-12-19 19:57:13,108:D:\project\weibo_showing\app\analyse\网络结果
INFO:2016-12-19 19:57:15,907:D:\project\weibo_showing\app\analyse\情感结果
INFO:2016-12-19 19:57:17,257:[0, 2, 0, 2, 2, 0, 2, 0, 2, 2, 0, 0, 2, 0, 0, 2, 0, 2, 2, 0, 2, 2, 2, 2, 2, 0, 0, 2, 2, 0, 0, 2, 0, 2, 2, 0, 2, 2, 0, 0, 0, 2, 2, 2, 2, 2, 0, 0, 2, 2, 0, 0, 2, 2, 0, 2, 2, 0, 2, 0, 2, 0, 2, 2, 0, 2, 0, 2, 2, 0, 0, 2, 0, 0, 2, 0, 2, 2, 0, 2, 2, 2, 2, 2, 0, 0, 2, 2, 0, 0, 2, 0, 2, 2, 0, 2, 2, 0, 0, 0, 2, 2, 2, 2, 2, 0, 0, 2, 2, 0, 0, 2, 2, 0, 2, 2, 0, 2]
INFO:2016-12-19 20:03:01,760:D:\project\weibo_showing\app\analyse\买卖交易结果
INFO:2016-12-19 20:03:03,595:[2, 2, 2, 0, 2, 1, 0, 2, 2, 2, 2, 2, 2, 2, 2, 2, 2, 2, 2, 0, 0, 2, 0, 2, 2, 2, 2, 2, 2, 2, 2, 0, 2, 0, 2, 2, 2, 2, 2, 1, 2, 2, 0, 0, 2, 2, 2, 2, 2, 0, 1, 2, 0, 2, 2, 2, 2, 2, 0, 2, 2, 2, 2, 2, 2, 0, 2, 2, 2, 0, 2, 1, 0, 2, 2, 2, 2, 2, 2, 2, 2, 2, 2, 2, 2, 0, 0, 2, 0, 2, 2, 2, 2, 2, 2, 2, 2, 0, 2, 0, 2, 2, 2, 2, 2, 1, 2, 2, 0, 0, 2, 2, 2, 2, 2, 0, 1, 2, 0, 2, 2, 2, 2, 2, 0, 2, 2, 2, 2, 2, 2, 0]
INFO:2016-12-19 20:03:07,441:D:\project\weibo_showing\app\analyse\求助结果
INFO:2016-12-19 20:03:09,489:[0, 1, 0, 0, 0, 0, 0, 0, 0, 0, 0, 0, 0, 0, 0, 0, 2, 1, 2, 1, 0, 0, 0, 0, 0, 1, 0, 0, 0, 2, 2, 1, 0, 0, 0, 0, 2, 2, 2, 2, 0, 2, 0, 0, 0, 0, 2, 1, 0, 0, 0, 0, 0, 1, 0, 0, 0, 2, 1, 2, 0, 0, 0, 0, 0, 0, 2, 0, 0, 0, 1, 0, 0, 1, 2, 2, 0, 0, 1, 1, 0, 0, 0, 0, 0, 0, 1, 0, 1, 0, 0, 0, 0, 0, 0, 0, 0, 0, 0, 0, 0, 0, 0, 2, 1, 2, 1, 0, 0, 0, 0, 0, 1, 0, 0, 0, 2, 2, 1, 0, 0, 0, 0, 2, 2, 2, 2, 0, 2, 0, 0, 0, 0, 2, 1, 0, 0, 0, 0, 0, 1, 0, 0, 0, 2, 1, 2, 0, 0, 0, 0, 0, 0, 2, 0, 0, 0, 1, 0, 0, 1, 2, 2, 0, 0, 1, 1, 0, 0, 0, 0, 0, 0, 1]
INFO:2016-12-19 20:03:13,364:D:\project\weibo_showing\app\analyse\校园生活结果
INFO:2016-12-19 20:03:15,319:[1, 2, 1, 1, 2, 1, 1, 2, 2, 2, 1, 1, 2, 1, 2, 2, 2, 1, 1, 2, 1, 2, 2, 1, 2, 2, 2, 1, 2, 1, 2, 2, 2, 1, 2, 2, 2, 2, 0, 2, 2, 2, 1, 2, 2, 1, 2, 2, 0, 2, 2, 2, 1, 1, 1, 0, 1, 2, 2, 0, 1, 1, 2, 2, 1, 2, 2, 2, 2, 2, 2, 0, 2, 2, 2, 2, 2, 2, 1, 2, 2, 1, 2, 1, 1, 2, 1, 1, 2, 2, 2, 1, 1, 2, 1, 2, 2, 2, 1, 1, 2, 1, 2, 2, 1, 2, 2, 2, 1, 2, 1, 2, 2, 2, 1, 2, 2, 2, 2, 0, 2, 2, 2, 1, 2, 2, 1, 2, 2, 0, 2, 2, 2, 1, 1, 1, 0, 1, 2, 2, 0, 1, 1, 2, 2, 1, 2, 2, 2, 2, 2, 2, 0, 2, 2, 2, 2, 2, 2, 1, 2, 2]
INFO:2016-12-19 20:03:17,278:D:\project\weibo_showing\app\analyse\学校新闻结果
INFO:2016-12-19 20:03:18,426:[1, 1, 1, 1, 1, 1, 1, 1, 0, 0, 1, 1, 1, 0, 1, 1, 0, 0, 1, 1, 0, 2, 0, 1, 1, 1, 1, 1, 1, 1, 1, 1, 1, 1, 1, 1, 1, 1, 1, 1, 0, 1, 1, 1, 1, 1, 1, 1, 1, 1, 1, 1, 1, 0, 1, 1, 1, 1, 1, 1, 1, 1, 0, 0, 1, 1, 1, 0, 1, 1, 0, 0, 1, 1, 0, 2, 0, 1, 1, 1, 1, 1, 1, 1, 1, 1, 1, 1, 1, 1, 1, 1, 1, 1, 0, 1, 1, 1, 1, 1, 1, 1, 1, 1, 1, 1, 1, 0]
INFO:2016-12-19 20:03:18,539:D:\project\weibo_showing\app\analyse\网络结果
INFO:2016-12-19 20:03:21,279:D:\project\weibo_showing\app\analyse\情感结果
INFO:2016-12-19 20:03:22,831:[0, 0, 2, 0, 0, 0, 2, 0, 2, 2, 0, 0, 0, 0, 2, 0, 0, 2, 0, 0, 0, 0, 0, 0, 2, 0, 0, 0, 0, 2, 0, 2, 0, 0, 0, 0, 0, 2, 0, 0, 0, 0, 2, 0, 0, 2, 0, 0, 2, 2, 0, 0, 0, 0, 0, 0, 0, 2, 0, 0, 2, 0, 0, 0, 2, 0, 2, 2, 0, 0, 0, 0, 2, 0, 0, 2, 0, 0, 0, 0, 0, 0, 2, 0, 0, 0, 0, 2, 0, 2, 0, 0, 0, 0, 0, 2, 0, 0, 0, 0, 2, 0, 0, 2, 0, 0, 2, 2, 0, 0, 0, 0, 0, 0, 0, 2]
INFO:2016-12-19 20:08:46,473:D:\project\weibo_showing\app\analyse\买卖交易结果
INFO:2016-12-19 20:08:47,397:[0, 2, 1, 0, 2, 1, 1, 1, 0, 2, 2, 0, 0, 0, 0, 2, 0, 1, 0, 2, 0, 2, 0, 1, 0, 2, 1, 0, 0, 1, 1, 0, 0, 2, 1, 2, 0, 2, 0, 2, 1, 0, 0, 1, 0, 2, 2, 0, 0, 0, 0, 2, 1, 0, 0, 1, 2, 0, 0, 1, 2, 2, 2, 1, 0, 1, 0, 2, 2, 2, 1, 1, 0, 2, 2, 0, 2, 1, 1, 1, 0, 0, 0, 0, 2, 2, 1, 0, 1, 2]
INFO:2016-12-19 20:08:49,565:D:\project\weibo_showing\app\analyse\求助结果
INFO:2016-12-19 20:08:50,153:[2, 1, 2, 2, 2, 2, 2, 2, 2, 2, 2, 2, 2, 2, 2, 1, 2, 1, 2, 2, 2, 2, 2, 1, 2, 2, 2, 2, 2, 1, 2, 2, 2, 2, 2, 2, 2, 2, 2, 2, 2, 2, 2, 1, 2, 2, 2, 2, 2, 1, 2, 2, 2, 2, 1, 2, 2, 2, 2, 2, 2, 2, 2, 2, 2, 2, 1, 2, 2, 1, 2, 2, 2, 1, 1, 2, 2, 2, 2, 1]
INFO:2016-12-19 20:08:51,558:D:\project\weibo_showing\app\analyse\校园生活结果
INFO:2016-12-19 20:08:52,096:[0, 2, 2, 2, 2, 2, 2, 2, 2, 0, 0, 2, 2, 2, 0, 2, 2, 0, 2, 2, 2, 2, 2, 2, 2, 2, 2, 2, 0, 2, 2, 2, 2, 2, 2, 0, 2, 2, 0, 2, 2, 2, 0, 2, 0, 2, 2, 2, 2, 2, 0, 1, 0, 1, 2, 1, 2, 2, 2, 2, 0]
INFO:2016-12-19 20:08:52,959:D:\project\weibo_showing\app\analyse\学校新闻结果
INFO:2016-12-19 20:08:53,344:[0, 0, 0, 0, 0, 0, 0, 0, 0, 0, 0, 0, 2, 1, 0, 0, 2, 2, 0, 0, 0, 0, 0, 0, 0, 0, 0, 1, 0, 0, 0, 0, 0, 0, 0, 0, 0, 0, 2, 2, 0, 1, 0, 0]
INFO:2016-12-19 20:08:53,397:D:\project\weibo_showing\app\analyse\网络结果
INFO:2016-12-19 20:08:54,970:D:\project\weibo_showing\app\analyse\情感结果
INFO:2016-12-19 20:08:55,463:[1, 1, 1, 1, 1, 1, 1, 1, 2, 1, 1, 1, 1, 1, 1, 0, 1, 2, 2, 1, 0, 1, 1, 2, 1, 1, 0, 1, 1, 1, 1, 1, 1, 1, 1, 2, 1, 1, 0, 0, 1, 1, 1, 1, 0, 1, 1, 1, 1, 1, 1]
INFO:2016-12-19 20:21:01,615:D:\project\weibo_showing\app\analyse\买卖交易结果
INFO:2016-12-19 20:21:02,595:[1, 1, 0, 1, 1, 0, 0, 0, 1, 1, 1, 1, 1, 1, 1, 1, 1, 0, 1, 1, 1, 1, 1, 0, 1, 1, 0, 2, 1, 0, 0, 2, 1, 1, 0, 1, 1, 1, 1, 1, 0, 1, 2, 0, 1, 1, 1, 1, 1, 1, 1, 1, 0, 1, 1, 0, 1, 2, 1, 0, 1, 1, 1, 0, 1, 0, 2, 1, 1, 1, 0, 0, 1, 1, 1, 1, 1, 0, 0, 0, 2, 1, 1, 1, 1, 1, 0, 1, 0, 1]
INFO:2016-12-19 20:21:04,815:D:\project\weibo_showing\app\analyse\求助结果
INFO:2016-12-19 20:21:05,576:[0, 1, 0, 0, 0, 0, 0, 0, 0, 0, 0, 0, 0, 0, 0, 0, 1, 2, 1, 0, 0, 0, 0, 0, 0, 0, 0, 2, 1, 0, 0, 0, 0, 2, 2, 2, 0, 2, 0, 0, 0, 0, 1, 0, 0, 0, 0, 0, 1, 0, 0, 0, 1, 0, 0, 0, 0, 0, 0, 2, 0, 0, 0, 1, 0, 0, 1, 0, 0, 1, 1, 0, 0, 0, 0, 0, 0]
INFO:2016-12-19 20:21:07,232:D:\project\weibo_showing\app\analyse\校园生活结果
INFO:2016-12-19 20:21:07,750:[0, 1, 1, 1, 1, 1, 1, 1, 1, 0, 0, 1, 1, 1, 2, 1, 1, 0, 1, 1, 1, 1, 1, 1, 1, 1, 1, 1, 0, 1, 1, 1, 1, 1, 1, 0, 1, 1, 2, 1, 1, 1, 0, 1, 0, 1, 1, 1, 1, 1, 0, 1, 0, 1, 1, 1, 1, 1, 1, 1, 2]
INFO:2016-12-19 20:21:08,602:D:\project\weibo_showing\app\analyse\学校新闻结果
INFO:2016-12-19 20:21:09,071:[1, 1, 1, 1, 1, 1, 1, 1, 2, 2, 1, 1, 1, 2, 1, 0, 2, 2, 1, 1, 2, 2, 2, 1, 0, 0, 1, 1, 1, 1, 1, 1, 1, 1, 1, 1, 1, 1, 1, 1, 2, 1, 1, 1, 1, 1, 1, 0, 0, 1, 1, 1, 1, 2]
INFO:2016-12-19 20:21:09,125:D:\project\weibo_showing\app\analyse\网络结果
INFO:2016-12-19 20:21:10,907:D:\project\weibo_showing\app\analyse\情感结果
INFO:2016-12-19 20:21:11,460:[1, 1, 0, 1, 1, 1, 2, 1, 2, 2, 1, 2, 1, 1, 2, 1, 1, 2, 1, 1, 2, 2, 1, 1, 0, 1, 1, 2, 1, 2, 1, 1, 1, 1, 1, 1, 1, 2, 1, 1, 1, 2, 2, 1, 1, 2, 1, 1, 2, 2, 1, 1, 1, 1, 1, 1, 1, 2]
INFO:2016-12-19 20:44:17,315:D:\project\weibo_showing\app\analyse\买卖交易结果
INFO:2016-12-19 20:44:18,911:[0, 0, 2, 0, 0, 2, 2, 2, 0, 0, 0, 0, 0, 0, 0, 0, 0, 2, 0, 1, 0, 1, 0, 2, 0, 0, 2, 0, 0, 2, 2, 0, 0, 0, 2, 0, 0, 0, 0, 0, 2, 0, 0, 2, 0, 0, 0, 0, 0, 0, 0, 0, 2, 0, 0, 2, 0, 0, 0, 2, 1, 0, 1, 2, 0, 2, 0, 0, 1, 0, 2, 2, 0, 0, 1, 0, 0, 2, 2, 2, 0, 0, 0, 1, 0, 0, 2, 0, 2, 0]
INFO:2016-12-19 20:44:22,855:D:\project\weibo_showing\app\analyse\求助结果
INFO:2016-12-19 20:44:23,888:[1, 2, 1, 1, 1, 1, 1, 1, 1, 1, 1, 1, 1, 1, 1, 1, 0, 2, 1, 2, 1, 1, 1, 1, 1, 2, 1, 1, 1, 1, 0, 2, 1, 1, 1, 1, 1, 0, 1, 1, 1, 1, 1, 1, 1, 1, 0, 2, 1, 1, 1, 1, 1, 2, 1, 1, 1, 0, 2, 0, 1, 1, 1, 1, 1, 1, 1, 1, 1, 1, 2, 1, 1, 2, 0, 0, 1, 1, 2, 2, 1, 1, 1, 1, 1, 1, 2]
INFO:2016-12-19 20:44:26,520:D:\project\weibo_showing\app\analyse\校园生活结果
INFO:2016-12-19 20:44:27,920:[0, 2, 0, 0, 1, 0, 0, 1, 1, 1, 0, 0, 1, 0, 1, 2, 1, 0, 0, 1, 0, 1, 1, 0, 1, 2, 1, 0, 1, 0, 2, 1, 1, 0, 2, 2, 1, 1, 0, 2, 1, 1, 0, 1, 2, 0, 2, 2, 0, 1, 1, 1, 0, 0, 0, 0, 0, 2, 2, 0, 0, 0, 2, 2, 0, 2, 1, 1, 2, 1, 1, 0, 1, 1, 1, 1, 1, 2, 0, 1, 1]
INFO:2016-12-19 20:44:29,598:D:\project\weibo_showing\app\analyse\学校新闻结果
INFO:2016-12-19 20:44:30,331:[2, 2, 2, 2, 2, 2, 2, 2, 1, 1, 2, 0, 2, 1, 2, 2, 1, 1, 2, 0, 1, 1, 1, 0, 2, 2, 0, 2, 2, 0, 0, 0, 0, 2, 2, 2, 2, 2, 2, 0, 1, 2, 0, 2, 2, 2, 0, 2, 2, 2, 2, 2, 2, 1]
INFO:2016-12-19 20:44:30,457:D:\project\weibo_showing\app\analyse\网络结果
INFO:2016-12-19 20:44:33,230:D:\project\weibo_showing\app\analyse\情感结果
INFO:2016-12-19 20:44:33,996:[2, 2, 2, 2, 2, 2, 2, 2, 2, 1, 2, 2, 2, 2, 2, 2, 0, 2, 1, 1, 2, 0, 2, 2, 2, 1, 2, 2, 2, 0, 2, 2, 2, 2, 2, 2, 2, 2, 2, 1, 2, 0, 0, 2, 2, 2, 0, 2, 2, 2, 2, 2]
INFO:2016-12-19 20:45:20,910:D:\project\weibo_showing\app\analyse\买卖交易结果
INFO:2016-12-19 20:45:21,944:[0, 0, 1, 0, 0, 1, 1, 1, 0, 0, 0, 0, 0, 0, 0, 0, 0, 1, 0, 0, 0, 0, 0, 1, 0, 0, 1, 0, 0, 2, 1, 0, 0, 0, 1, 0, 0, 0, 0, 0, 2, 0, 0, 1, 0, 0, 0, 0, 0, 0, 0, 0, 1, 0, 0, 2, 0, 0, 0, 1, 0, 0, 0, 1, 0, 1, 0, 0, 0, 0, 1, 2, 0, 0, 0, 0, 0, 1, 1, 1, 0, 0, 0, 0, 0, 0, 2, 0, 1, 0]
INFO:2016-12-19 20:46:35,193:D:\project\weibo_showing\app\analyse\买卖交易结果
INFO:2016-12-19 20:46:35,815:[2, 0, 2, 0, 2, 1, 2, 2, 2, 2, 2, 0, 2, 2, 1, 2, 1, 2, 2, 2, 2, 2, 2, 2, 2, 2, 2, 2, 2, 2, 2, 2, 2, 2, 0, 2, 2, 2, 2, 1, 2, 2, 2, 2, 2, 1, 0, 1, 2, 2, 1, 1, 2, 2, 2, 1, 2, 2, 2, 2, 2, 1, 0, 0, 2, 0]
INFO:2016-12-19 20:46:38,161:D:\project\weibo_showing\app\analyse\求助结果
INFO:2016-12-19 20:46:38,765:[1, 1, 1, 1, 1, 1, 1, 1, 1, 1, 1, 1, 1, 1, 1, 1, 1, 1, 1, 1, 1, 1, 1, 1, 1, 1, 1, 1, 1, 1, 1, 1, 1, 1, 1, 1, 1, 1, 1, 1, 1, 1, 1, 1, 1, 1, 1, 1, 1, 1, 1, 1, 1, 1, 1, 1, 1, 1, 1, 1, 1, 1, 1, 1, 1, 1, 1, 1, 1, 1, 1, 1, 1, 1, 1, 1, 1, 1, 1, 1]
INFO:2016-12-19 20:46:40,546:D:\project\weibo_showing\app\analyse\校园生活结果
INFO:2016-12-19 20:46:41,072:[0, 2, 2, 1, 2, 1, 2, 2, 2, 0, 0, 1, 2, 2, 0, 2, 2, 0, 2, 2, 2, 2, 2, 2, 2, 2, 2, 1, 0, 2, 2, 2, 2, 2, 1, 0, 2, 1, 0, 2, 2, 2, 0, 2, 0, 2, 2, 2, 2, 2, 0, 2, 0, 2, 2, 2, 2, 2, 2, 2, 0]
INFO:2016-12-19 20:46:42,039:D:\project\weibo_showing\app\analyse\学校新闻结果
INFO:2016-12-19 20:46:42,437:[2, 2, 2, 2, 2, 2, 2, 2, 0, 2, 2, 2, 2, 2, 0, 2, 2, 1, 2, 2, 2, 0, 0, 2, 2, 2, 1, 2, 2, 1, 2, 2, 2, 2, 2, 2, 2, 2, 1, 2, 2, 2, 2, 0, 0, 2, 2, 2, 2]
INFO:2016-12-19 20:46:42,486:D:\project\weibo_showing\app\analyse\网络结果
INFO:2016-12-19 20:46:44,003:D:\project\weibo_showing\app\analyse\情感结果
INFO:2016-12-19 20:46:44,592:[0, 0, 2, 0, 0, 0, 1, 0, 1, 1, 0, 0, 0, 0, 0, 0, 0, 0, 1, 0, 0, 0, 0, 1, 2, 0, 0, 0, 0, 1, 0, 1, 0, 0, 0, 0, 0, 1, 0, 0, 0, 0, 1, 0, 1, 1, 1, 0, 0, 1, 0, 1, 0, 0, 0, 0, 0, 1]
INFO:2016-12-19 20:47:27,480:D:\project\weibo_showing\app\analyse\买卖交易结果
INFO:2016-12-19 20:47:28,108:[1, 1, 1, 1, 1, 2, 1, 1, 1, 1, 1, 1, 1, 1, 0, 1, 2, 1, 1, 1, 1, 1, 1, 1, 0, 0, 1, 0, 1, 1, 1, 1, 1, 0, 1, 1, 1, 1, 1, 2, 1, 1, 1, 1, 1, 2, 1, 2, 1, 1, 2, 2, 1, 1, 0, 2, 1, 0, 1, 1, 1, 2, 0, 1, 1, 1]
INFO:2016-12-19 20:47:30,545:D:\project\weibo_showing\app\analyse\求助结果
INFO:2016-12-19 20:47:31,257:[2, 1, 2, 2, 2, 2, 2, 2, 2, 2, 2, 2, 2, 2, 2, 1, 0, 1, 2, 2, 2, 2, 2, 1, 2, 2, 2, 0, 2, 1, 2, 2, 2, 0, 2, 0, 0, 2, 2, 2, 2, 2, 2, 1, 2, 2, 2, 2, 2, 1, 2, 2, 2, 2, 1, 2, 2, 2, 2, 2, 2, 2, 0, 2, 2, 2, 1, 2, 2, 1, 2, 2, 2, 1, 1, 2, 2, 2, 2, 1]
INFO:2016-12-19 20:47:32,813:D:\project\weibo_showing\app\analyse\校园生活结果
INFO:2016-12-19 20:47:33,667:[2, 0, 2, 2, 0, 2, 2, 0, 0, 0, 2, 2, 0, 2, 0, 0, 0, 2, 2, 0, 2, 0, 0, 2, 0, 0, 0, 2, 0, 2, 0, 0, 0, 2, 0, 0, 0, 0, 2, 0, 0, 0, 2, 0, 0, 2, 0, 0, 2, 0, 0, 0, 2, 2, 2, 2, 2, 0, 0, 2, 2, 2, 0, 0, 2, 0, 0, 0, 0, 0, 0, 2, 0, 0, 0, 0, 0, 0, 2, 0, 0]
INFO:2016-12-19 20:47:34,608:D:\project\weibo_showing\app\analyse\学校新闻结果
INFO:2016-12-19 20:47:35,062:[1, 1, 1, 1, 1, 1, 1, 1, 0, 0, 1, 1, 1, 0, 1, 2, 0, 0, 1, 1, 0, 0, 0, 1, 2, 2, 1, 1, 1, 1, 1, 1, 1, 1, 1, 1, 1, 1, 1, 1, 0, 1, 1, 1, 1, 1, 1, 2, 2, 1, 1, 1, 1, 0]
INFO:2016-12-19 20:47:35,121:D:\project\weibo_showing\app\analyse\网络结果
INFO:2016-12-19 20:47:36,747:D:\project\weibo_showing\app\analyse\情感结果
INFO:2016-12-19 20:47:37,282:[2, 2, 2, 2, 2, 2, 2, 2, 2, 2, 2, 2, 2, 2, 2, 2, 2, 2, 2, 2, 2, 2, 2, 2, 2, 2, 2, 2, 2, 2, 2, 2, 2, 2, 2, 2, 2, 2, 2, 2, 2, 2, 2, 2, 2, 2, 2, 2, 2, 2, 2, 2, 2, 2, 2, 2, 2, 2]
INFO:2016-12-19 21:16:11,013:D:\project\weibo_showing\app\analyse\买卖交易结果
INFO:2016-12-19 21:19:13,723:D:\project\weibo_showing\app\analyse\买卖交易结果
INFO:2016-12-19 21:24:38,464:D:\project\weibo_showing\app\analyse\买卖交易结果
INFO:2016-12-19 21:27:36,961:D:\project\weibo_showing\app\analyse\买卖交易结果
INFO:2016-12-19 21:33:36,717:D:\project\weibo_showing\app\analyse\买卖交易结果
INFO:2016-12-19 21:34:20,253:D:\project\weibo_showing\app\analyse\买卖交易结果
INFO:2016-12-19 21:35:53,743:D:\project\weibo_showing\app\analyse\买卖交易结果
INFO:2016-12-19 21:36:39,177:D:\project\weibo_showing\app\analyse\买卖交易结果
INFO:2016-12-19 21:37:53,638:D:\project\weibo_showing\app\analyse\买卖交易结果
INFO:2016-12-19 21:42:37,055:D:\project\weibo_showing\app\analyse\买卖交易结果
INFO:2016-12-19 21:43:29,427:D:\project\weibo_showing\app\analyse\买卖交易结果
INFO:2016-12-19 22:04:44,526:D:\project\weibo_showing\app\analyse\买卖交易结果
INFO:2016-12-19 22:08:55,766:D:\project\weibo_showing\app\analyse\买卖交易结果
INFO:2016-12-19 22:12:43,944:D:\project\weibo_showing\app\analyse\买卖交易结果
INFO:2016-12-19 22:12:45,388:D:\project\weibo_showing\app\analyse\求助结果
INFO:2016-12-19 22:12:46,325:D:\project\weibo_showing\app\analyse\校园生活结果
INFO:2016-12-19 22:12:46,839:D:\project\weibo_showing\app\analyse\学校新闻结果
INFO:2016-12-19 22:12:46,874:D:\project\weibo_showing\app\analyse\网络结果
INFO:2016-12-19 22:12:47,801:D:\project\weibo_showing\app\analyse\情感结果
INFO:2016-12-20 10:00:44,821:D:\project\weibo_showing\app\analyse\买卖交易结果
INFO:2016-12-20 10:00:46,118:D:\project\weibo_showing\app\analyse\求助结果
INFO:2016-12-20 10:00:46,763:D:\project\weibo_showing\app\analyse\校园生活结果
INFO:2016-12-20 10:00:47,132:D:\project\weibo_showing\app\analyse\学校新闻结果
INFO:2016-12-20 10:00:47,164:D:\project\weibo_showing\app\analyse\网络结果
INFO:2016-12-20 10:00:47,851:D:\project\weibo_showing\app\analyse\情感结果
INFO:2016-12-20 10:02:15,000:D:\project\weibo_showing\app\analyse\买卖交易结果
INFO:2016-12-20 10:02:15,964:D:\project\weibo_showing\app\analyse\求助结果
INFO:2016-12-20 10:02:16,658:D:\project\weibo_showing\app\analyse\校园生活结果
INFO:2016-12-20 10:02:17,046:D:\project\weibo_showing\app\analyse\学校新闻结果
INFO:2016-12-20 10:02:17,084:D:\project\weibo_showing\app\analyse\网络结果
INFO:2016-12-20 10:02:17,770:D:\project\weibo_showing\app\analyse\情感结果
INFO:2016-12-20 10:09:22,859:D:\project\weibo_showing\app\analyse\买卖交易结果
INFO:2016-12-20 10:09:23,823:D:\project\weibo_showing\app\analyse\求助结果
INFO:2016-12-20 10:09:24,420:D:\project\weibo_showing\app\analyse\校园生活结果
INFO:2016-12-20 10:09:24,756:D:\project\weibo_showing\app\analyse\学校新闻结果
INFO:2016-12-20 10:09:24,788:D:\project\weibo_showing\app\analyse\网络结果
INFO:2016-12-20 10:09:25,411:D:\project\weibo_showing\app\analyse\情感结果
INFO:2016-12-20 10:56:42,062:D:\project\weibo_showing\app\analyse\买卖交易结果
INFO:2016-12-20 10:56:43,265:D:\project\weibo_showing\app\analyse\求助结果
INFO:2016-12-20 10:56:44,019:D:\project\weibo_showing\app\analyse\校园生活结果
INFO:2016-12-20 10:56:44,448:D:\project\weibo_showing\app\analyse\学校新闻结果
INFO:2016-12-20 10:56:44,480:D:\project\weibo_showing\app\analyse\网络结果
INFO:2016-12-20 10:56:45,295:D:\project\weibo_showing\app\analyse\情感结果
INFO:2016-12-20 11:10:06,426:D:\project\weibo_showing\app\analyse\买卖交易结果
INFO:2016-12-20 11:10:07,328:[2, 0, 1, 2, 1, 0, 2, 2, 2, 2, 1, 0, 1, 2, 2, 2, 0, 2, 2, 0, 2, 0, 2, 1, 2, 1, 2, 2, 0, 2, 1, 2, 0, 2, 0, 0, 1, 2, 0, 2, 1, 2, 0, 2, 2, 2, 2, 2, 2, 0, 1, 2, 1, 2, 2, 2, 0, 2, 2, 1, 1, 2, 1, 2, 2, 1, 2, 2, 2, 1, 0, 0, 0, 2, 0, 2, 2, 0, 2, 2, 2, 0, 2, 1, 0, 1, 2, 2, 1, 2]
INFO:2016-12-20 11:10:09,105:D:\project\weibo_showing\app\analyse\求助结果
INFO:2016-12-20 11:10:09,627:[0, 0, 1, 0, 2, 0, 1, 0, 0, 1, 0, 1, 1, 0, 1, 0, 1, 0, 0, 0, 2, 2, 2, 1, 1, 1, 2, 0, 0, 2, 2, 0, 2, 0, 2, 2, 0, 2, 1, 0, 0, 0, 0, 2, 0, 2, 0, 1, 1, 1, 0, 0, 2, 2, 0, 2, 2, 0, 2, 2, 2, 0, 1, 0, 2, 2, 2, 0, 1, 1, 1, 1, 0, 1, 0, 0, 2, 0, 1, 0]
INFO:2016-12-20 11:10:10,776:D:\project\weibo_showing\app\analyse\校园生活结果
INFO:2016-12-20 11:10:11,148:[1, 2, 1, 0, 0, 2, 1, 0, 2, 0, 0, 0, 1, 1, 1, 0, 0, 1, 0, 0, 1, 0, 0, 0, 0, 1, 0, 1, 1, 1, 2, 1, 0, 0, 0, 0, 0, 0, 1, 0, 1, 1, 0, 0, 0, 0, 2, 0]
INFO:2016-12-20 11:10:11,882:D:\project\weibo_showing\app\analyse\学校新闻结果
INFO:2016-12-20 11:10:12,177:[2, 2, 2, 0, 2, 0, 2, 2, 1, 1, 2, 2, 0, 2, 0, 0, 2, 2, 0, 2, 0, 2, 2, 0, 2, 2, 2, 0, 0, 0, 2, 2, 2, 0, 1, 0, 2, 1, 2, 2, 1, 2]
INFO:2016-12-20 11:10:12,233:D:\project\weibo_showing\app\analyse\网络结果
INFO:2016-12-20 11:10:13,466:D:\project\weibo_showing\app\analyse\情感结果
INFO:2016-12-20 11:10:13,930:[1, 1, 1, 2, 1, 1, 1, 2, 1, 1, 2, 1, 1, 1, 2, 1, 2, 1, 1, 2, 1, 1, 2, 1, 2, 2, 1, 1, 2, 1, 2, 2, 2, 2, 1, 2, 2, 2, 1, 2, 1, 2, 1, 1, 1, 1, 1, 1, 1, 2, 2, 2, 1, 1, 2, 1]
INFO:2016-12-20 11:29:12,763:D:\project\weibo_showing\app\analyse\买卖交易结果
INFO:2016-12-20 11:30:06,604:D:\project\weibo_showing\app\analyse\买卖交易结果
INFO:2016-12-20 11:30:08,641:D:\project\weibo_showing\app\analyse\求助结果
INFO:2016-12-20 11:30:09,095:[1, 1, 2, 2, 2, 2, 2, 2, 2, 2, 2, 1, 2, 1, 1, 2, 1, 2, 0, 2, 1, 2, 1, 2, 2, 1, 2, 2, 2, 0, 2, 0, 1, 0, 2, 0, 2, 1, 1, 0, 2, 2, 1, 2, 0, 1, 1, 0, 2, 2, 0, 1, 2, 0, 1, 1, 2, 0, 0, 1, 0, 0, 2, 0, 2, 2, 1, 1, 2]
INFO:2016-12-20 11:30:10,378:D:\project\weibo_showing\app\analyse\校园生活结果
INFO:2016-12-20 11:30:11,131:D:\project\weibo_showing\app\analyse\学校新闻结果
INFO:2016-12-20 11:30:11,229:D:\project\weibo_showing\app\analyse\网络结果
INFO:2016-12-20 11:30:12,328:D:\project\weibo_showing\app\analyse\情感结果
INFO:2016-12-20 12:57:41,923:D:\project\weibo_showing\app\analyse\买卖交易结果
INFO:2016-12-20 12:57:42,586:[2, 2, 2, 2, 2, 0, 2, 2, 0, 2, 2, 2, 0, 2, 2, 0, 2, 0, 0, 0, 2, 2, 2, 2, 2, 2, 2, 2, 2, 2, 2, 2, 2, 0, 2, 2, 2, 2, 2, 2, 0, 2, 2, 2, 2, 2, 2, 0, 2, 2, 2, 0, 2, 2, 0, 0, 2, 0, 2, 2, 2, 0, 2, 2, 2, 2, 2, 2, 0, 2, 0, 2, 2, 0, 2, 2, 2, 2, 0, 2, 2, 2, 2, 2, 0, 2, 2, 2, 0, 2]
INFO:2016-12-20 12:57:44,246:D:\project\weibo_showing\app\analyse\求助结果
INFO:2016-12-20 12:57:45,411:D:\project\weibo_showing\app\analyse\校园生活结果
INFO:2016-12-20 12:57:45,957:[0, 0, 0, 0, 0, 0, 2, 2, 0, 0, 0, 0, 2, 0, 0, 2, 2, 0, 0, 2, 2, 2, 0, 0, 2, 2, 0, 0, 2, 2, 2, 0, 0, 2, 2, 0, 2, 2, 0, 2, 0, 0, 2, 2, 2, 2, 0, 0, 0, 0, 2, 0, 2, 0, 2, 0, 2, 0, 0, 2, 0, 2, 2, 0, 0, 0, 0, 2, 0, 2]
INFO:2016-12-20 12:57:46,637:D:\project\weibo_showing\app\analyse\学校新闻结果
INFO:2016-12-20 12:57:46,744:D:\project\weibo_showing\app\analyse\网络结果
INFO:2016-12-20 12:57:48,173:D:\project\weibo_showing\app\analyse\情感结果
INFO:2016-12-20 13:00:12,635:D:\project\weibo_showing\app\analyse\买卖交易结果
INFO:2016-12-20 13:00:13,272:[2, 0, 2, 2, 0, 1, 0, 2, 1, 2, 2, 2, 1, 2, 2, 1, 2, 1, 1, 1, 0, 2, 2, 2, 0, 2, 2, 0, 2, 0, 0, 2, 2, 1, 2, 2, 2, 0, 2, 0, 1, 2, 2, 2, 2, 2, 2, 1, 2, 0, 2, 1, 2, 0, 1, 1, 2, 1, 2, 0, 2, 1, 2, 2, 0, 2, 0, 2, 1, 2, 1, 2, 2, 1, 2, 2, 2, 0, 1, 0, 2, 2, 2, 2, 1, 0, 2, 0, 1, 2]
INFO:2016-12-20 13:00:14,872:D:\project\weibo_showing\app\analyse\求助结果
INFO:2016-12-20 13:00:15,414:[1, 1, 2, 0, 2, 2, 2, 2, 2, 2, 0, 1, 2, 1, 1, 2, 1, 2, 1, 2, 1, 2, 1, 2, 2, 1, 2, 2, 2, 1, 2, 1, 1, 1, 2, 1, 2, 1, 1, 1, 2, 2, 1, 2, 1, 1, 1, 1, 2, 2, 1, 1, 2, 1, 1, 1, 2, 1, 1, 1, 1, 1, 2, 1, 2, 2, 1, 1, 2]
INFO:2016-12-20 13:00:16,730:D:\project\weibo_showing\app\analyse\校园生活结果
INFO:2016-12-20 13:00:17,565:D:\project\weibo_showing\app\analyse\学校新闻结果
INFO:2016-12-20 13:00:17,734:D:\project\weibo_showing\app\analyse\网络结果
INFO:2016-12-20 13:00:18,934:D:\project\weibo_showing\app\analyse\情感结果
INFO:2016-12-20 14:04:47,437:D:\project\weibo_showing\app\analyse\买卖交易结果
INFO:2016-12-20 14:04:47,839:[0, 0, 2, 1, 2, 0, 1, 0, 0, 0, 1, 0, 1, 2, 0, 0, 0, 0, 2, 0, 2, 0, 0, 1, 0, 0, 0, 2, 1, 0, 0, 0, 0, 0, 1, 0, 0, 1, 0, 2, 1, 0, 1, 0, 1, 0, 2, 0, 0, 1, 0, 1, 0, 1, 0, 0, 0, 2, 1, 2, 0, 0, 2, 0, 1, 0]
INFO:2016-12-20 14:04:49,486:D:\project\weibo_showing\app\analyse\求助结果
INFO:2016-12-20 14:04:50,016:[0, 1, 1, 1, 0, 1, 0, 0, 1, 1, 0, 1, 1, 1, 1, 0, 1, 1, 1, 0, 1, 0, 1, 1, 1, 2, 1, 1, 0, 1, 1, 2, 0, 1, 1, 1, 0, 1, 0, 1, 0, 0, 0, 0, 1, 1, 1, 0, 1, 1, 0, 1, 0, 1, 1, 1, 0, 0, 1, 1, 1, 1, 1, 1, 1, 0, 0, 0, 1, 2, 0, 1, 0, 1, 1, 0, 1, 0, 0, 1, 0, 1, 0, 0, 1, 2, 0]
INFO:2016-12-20 14:04:51,141:D:\project\weibo_showing\app\analyse\校园生活结果
INFO:2016-12-20 14:04:51,687:[0, 2, 0, 2, 2, 1, 1, 2, 0, 0, 2, 1, 0, 1, 0, 2, 1, 1, 0, 0, 2, 1, 1, 0, 0, 1, 0, 1, 1, 1, 0, 1, 1, 0, 2, 2, 2, 1, 1, 2, 1, 0, 0, 0, 1, 0, 1, 0, 1, 0, 2, 0, 1, 1, 0, 1, 1, 1, 0, 0, 2, 0, 1, 1]
INFO:2016-12-20 14:04:52,338:D:\project\weibo_showing\app\analyse\学校新闻结果
INFO:2016-12-20 14:04:52,453:D:\project\weibo_showing\app\analyse\网络结果
INFO:2016-12-20 14:04:53,851:D:\project\weibo_showing\app\analyse\情感结果
INFO:2016-12-20 14:07:56,805:D:\project\weibo_showing\app\analyse\买卖交易结果
INFO:2016-12-20 14:07:57,848:[1, 0, 1, 1, 1, 0, 0, 1, 0, 1, 1, 1, 0, 1, 1, 1, 0, 0, 1, 0, 0, 1, 1, 1, 1, 1, 1, 1, 1, 1, 1, 1, 0, 1, 1, 1, 1, 0, 1, 0, 1, 1, 1, 1, 1, 1, 0, 1, 0, 1, 1, 0, 1, 1, 0, 1, 1, 1, 0, 1, 1, 1, 0, 1, 1, 1, 1, 0, 1, 0, 0, 1, 1, 1, 1, 1, 1, 1, 1, 0, 1, 1, 0, 1, 1, 0, 1, 1, 0, 0, 1, 1, 0, 0, 1, 1, 1, 1, 1, 1, 1, 0, 0, 1, 1, 1, 0, 1, 1, 0, 1, 1, 0, 1, 0, 1, 1, 0, 1, 1, 1, 1, 0, 0, 1, 0, 1, 1, 1, 0, 0, 1]
INFO:2016-12-20 14:07:59,766:D:\project\weibo_showing\app\analyse\求助结果
INFO:2016-12-20 14:08:00,799:[1, 0, 2, 2, 1, 2, 2, 1, 1, 2, 2, 2, 2, 1, 1, 2, 1, 0, 1, 0, 2, 1, 1, 1, 2, 1, 2, 0, 2, 2, 2, 2, 2, 2, 2, 1, 2, 2, 2, 0, 0, 0, 1, 0, 1, 2, 0, 2, 1, 1, 2, 1, 2, 0, 1, 2, 1, 2, 0, 2, 2, 2, 1, 1, 2, 2, 2, 0, 2, 1, 2, 0, 1, 1, 2, 2, 0, 0, 0, 2, 2, 1, 0, 2, 2, 1, 0, 2, 1, 1, 2, 2, 0, 2, 2, 2, 0, 1, 2, 2, 2, 0, 1, 2, 1, 1, 2, 2, 2, 1, 0, 2, 2, 2, 1, 0, 0, 1, 0, 1, 2, 2, 1, 0, 2, 2, 1]
INFO:2016-12-20 14:08:02,533:D:\project\weibo_showing\app\analyse\校园生活结果
INFO:2016-12-20 14:08:03,579:[1, 1, 1, 1, 1, 1, 2, 2, 1, 1, 1, 1, 1, 1, 2, 1, 0, 0, 1, 1, 2, 1, 2, 1, 2, 1, 2, 1, 0, 2, 1, 1, 1, 2, 2, 1, 2, 2, 2, 1, 2, 1, 1, 1, 2, 1, 0, 1, 2, 2, 2, 2, 1, 1, 2, 1, 1, 2, 2, 0, 2, 2, 1, 1, 1, 1, 0, 1, 1, 0, 1, 2, 1, 2, 1, 2, 2, 2, 2, 0, 1, 1, 1, 1, 2, 1, 1, 2, 1, 2, 1, 1, 1, 1, 1, 1, 1, 2, 1, 1, 1, 0, 1, 1, 2, 2, 0, 1, 2, 1, 1, 1, 2, 1, 2, 2, 2, 1, 1, 1, 1, 2, 1, 0]
INFO:2016-12-20 14:08:04,621:D:\project\weibo_showing\app\analyse\学校新闻结果
INFO:2016-12-20 14:08:05,230:[0, 2, 0, 2, 0, 0, 2, 2, 0, 0, 0, 2, 0, 1, 2, 2, 0, 0, 1, 2, 1, 0, 2, 1, 0, 2, 2, 2, 0, 0, 0, 2, 2, 0, 2, 0, 2, 0, 0, 2, 2, 2, 0, 2, 2, 0, 0, 0, 2, 1, 2, 2, 2, 2, 2, 1, 2, 1, 2, 0, 0, 2, 0, 0, 1, 2, 0, 1, 2, 0, 2, 0, 1, 0, 0, 2, 2, 2, 0, 2, 2]
INFO:2016-12-20 14:08:05,283:D:\project\weibo_showing\app\analyse\网络结果
INFO:2016-12-20 14:08:06,959:D:\project\weibo_showing\app\analyse\情感结果
INFO:2016-12-20 14:08:07,966:[0, 0, 2, 0, 2, 2, 2, 0, 0, 2, 2, 1, 2, 0, 0, 0, 0, 2, 0, 0, 2, 1, 2, 2, 2, 2, 2, 2, 2, 0, 1, 1, 0, 0, 0, 2, 2, 1, 0, 0, 0, 0, 2, 2, 1, 0, 0, 0, 0, 2, 1, 2, 2, 2, 0, 0, 1, 1, 0, 0, 2, 1, 0, 0, 2, 0, 0, 2, 2, 0, 0, 0, 2, 0, 1, 0, 0, 1, 2, 1, 2, 2, 0, 1, 2, 2, 0, 0, 0, 2, 2, 1, 0, 1, 1, 0, 1, 0, 2, 2, 2, 2, 2, 0, 1, 2, 2, 2, 0, 1, 2, 2, 2, 0, 2, 2, 1, 1, 0]
INFO:2016-12-20 14:32:49,559:D:\project\weibo_showing\app\analyse\买卖交易结果
INFO:2016-12-20 14:32:50,232:[2, 2, 2, 2, 2, 0, 2, 2, 0, 2, 2, 2, 0, 2, 2, 0, 2, 0, 0, 0, 2, 2, 2, 2, 2, 2, 2, 2, 2, 2, 2, 2, 2, 0, 2, 2, 2, 2, 2, 2, 0, 2, 2, 2, 2, 2, 2, 0, 2, 2, 2, 0, 2, 2, 0, 0, 2, 0, 2, 2, 2, 0, 2, 2, 2, 2, 2, 2, 0, 2, 0, 2, 2, 0, 2, 2, 2, 2, 0, 2, 2, 2, 2, 2, 0, 2, 2, 2, 0, 2]
INFO:2016-12-20 14:32:51,898:D:\project\weibo_showing\app\analyse\求助结果
INFO:2016-12-20 14:32:52,726:[0, 1, 0, 2, 1, 1, 2, 2, 1, 2, 2, 1, 1, 0, 2, 1, 1, 2, 2, 2, 0, 0, 2, 2, 1, 1, 1, 2, 1, 2, 1, 0, 2, 1, 1, 2, 1, 1, 2, 1, 2, 2, 1, 2, 1, 0, 2, 0, 0, 0, 2, 2, 1, 2, 1, 2, 2, 2, 2, 2, 1, 2, 1, 1, 0, 2, 0, 1, 2, 1, 2, 1, 2, 1, 1, 2, 1, 0, 2, 1, 0, 1, 1, 1, 2, 2, 1, 1, 1, 1, 2, 0, 2, 0, 2, 1, 0, 0, 2, 0, 2, 2, 0, 2, 1, 1, 2, 0, 0, 2, 2, 2]
INFO:2016-12-20 14:32:53,790:D:\project\weibo_showing\app\analyse\校园生活结果
INFO:2016-12-20 14:32:54,180:[0, 0, 1, 2, 2, 2, 0, 1, 1, 1, 1, 2, 1, 2, 0, 2, 2, 2, 1, 2, 0, 1, 2, 1, 1, 2, 1, 1, 2, 1, 0, 2, 0, 2, 2, 1, 2, 0, 1, 2, 0, 1, 1, 1, 1, 0, 2, 2, 0, 1, 2, 0, 2, 1, 1, 2, 2, 1, 1, 1, 1]
INFO:2016-12-20 14:32:54,986:D:\project\weibo_showing\app\analyse\学校新闻结果
INFO:2016-12-20 14:32:55,072:D:\project\weibo_showing\app\analyse\网络结果
INFO:2016-12-20 14:32:56,151:D:\project\weibo_showing\app\analyse\情感结果
INFO:2016-12-20 14:32:56,799:[2, 2, 0, 2, 0, 0, 0, 0, 2, 0, 2, 0, 1, 2, 1, 2, 0, 2, 2, 0, 0, 0, 2, 0, 0, 0, 0, 0, 2, 2, 0, 2, 0, 0, 2, 2, 0, 2, 0, 0, 0, 2, 2, 2, 0, 0, 0, 0, 0, 2, 0, 0, 0, 2, 0, 1, 0, 0, 0, 2, 0, 0, 1, 2, 0, 2, 0, 2, 1, 0, 2, 0, 2, 0, 2, 0, 0, 0, 0, 0, 0, 1]
INFO:2016-12-20 14:34:25,619:D:\project\weibo_showing\app\analyse\买卖交易结果
INFO:2016-12-20 14:34:27,211:D:\project\weibo_showing\app\analyse\求助结果
INFO:2016-12-20 14:34:27,664:[0, 2, 0, 1, 0, 0, 2, 0, 2, 2, 2, 2, 0, 1, 1, 1, 0, 2, 0, 1, 1, 1, 0, 1, 1, 0, 1, 1, 0, 0, 2, 2, 2, 0, 1, 0, 1, 0, 0, 0, 0, 2, 1, 0, 1, 1, 0, 1, 0, 1, 1, 0, 0, 1, 2, 2, 2, 1, 1, 1, 0, 0, 0, 2, 0, 2, 0, 2, 2, 0, 2, 0, 0, 2, 0, 1, 0, 2, 0, 0]
INFO:2016-12-20 14:34:28,746:D:\project\weibo_showing\app\analyse\校园生活结果
INFO:2016-12-20 14:34:29,115:[2, 2, 1, 2, 2, 2, 2, 1, 1, 1, 1, 2, 1, 2, 2, 2, 2, 2, 1, 2, 2, 1, 2, 1, 1, 2, 1, 1, 2, 1, 2, 2, 2, 2, 2, 1, 2, 2, 1, 2, 2, 1, 1, 1, 1, 2, 2, 2, 2, 1, 2, 2, 2, 1, 1, 2, 2, 1, 1, 1, 1]
INFO:2016-12-20 14:34:29,808:D:\project\weibo_showing\app\analyse\学校新闻结果
INFO:2016-12-20 14:34:29,894:D:\project\weibo_showing\app\analyse\网络结果
INFO:2016-12-20 14:34:30,992:D:\project\weibo_showing\app\analyse\情感结果
INFO:2016-12-20 14:35:29,121:D:\project\weibo_showing\app\analyse\买卖交易结果
INFO:2016-12-20 14:35:29,766:[2, 2, 2, 2, 2, 1, 2, 2, 1, 2, 2, 2, 1, 2, 2, 1, 2, 1, 1, 1, 2, 2, 2, 2, 2, 2, 2, 2, 2, 2, 2, 2, 2, 1, 2, 2, 2, 2, 2, 2, 1, 2, 2, 2, 2, 2, 2, 1, 2, 2, 2, 1, 2, 2, 1, 1, 2, 1, 2, 2, 2, 1, 2, 2, 2, 2, 2, 2, 1, 2, 1, 2, 2, 1, 2, 2, 2, 2, 1, 2, 2, 2, 2, 2, 1, 2, 2, 2, 1, 2]
INFO:2016-12-20 14:35:31,417:D:\project\weibo_showing\app\analyse\求助结果
INFO:2016-12-20 14:35:32,325:[2, 2, 1, 0, 1, 1, 1, 1, 1, 1, 1, 2, 1, 2, 1, 1, 1, 2, 1, 1, 1, 1, 2, 2, 2, 1, 2, 2, 1, 2, 2, 1, 2, 1, 1, 0, 1, 1, 2, 2, 1, 2, 1, 1, 2, 2, 1, 1, 1, 0, 1, 0, 1, 0, 2, 2, 0, 1, 0, 1, 2, 2, 2, 2, 0, 2, 1, 2, 1, 1, 1, 1, 0, 2, 1, 0, 2, 2, 0, 2, 1, 1, 1, 0, 2, 1, 0, 1, 1, 2, 2, 1, 1, 1, 0, 0, 2, 0, 1, 0, 1, 0, 1, 1, 1, 0, 1, 2, 2, 1]
INFO:2016-12-20 14:35:33,447:D:\project\weibo_showing\app\analyse\校园生活结果
INFO:2016-12-20 14:35:34,210:D:\project\weibo_showing\app\analyse\学校新闻结果
INFO:2016-12-20 14:35:34,322:D:\project\weibo_showing\app\analyse\网络结果
INFO:2016-12-20 14:35:35,382:D:\project\weibo_showing\app\analyse\情感结果
INFO:2016-12-20 14:35:35,819:[0, 0, 1, 0, 2, 1, 0, 2, 0, 1, 0, 0, 0, 0, 1, 0, 0, 2, 2, 0, 1, 2, 1, 1, 0, 1, 0, 1, 1, 0, 0, 1, 0, 2, 1, 2, 0, 0, 0, 1, 2, 2, 1, 0, 1, 1, 2, 1, 2, 1, 1, 1, 0, 0, 1, 0, 0, 0, 2, 1, 0, 2, 1, 2, 1, 1, 2, 0]
INFO:2016-12-20 14:41:01,960:D:\project\weibo_showing\app\analyse\买卖交易结果
INFO:2016-12-20 14:41:02,315:[1, 1, 0, 2, 0, 1, 2, 1, 1, 1, 2, 1, 2, 0, 1, 1, 1, 1, 0, 1, 0, 1, 1, 2, 1, 1, 1, 0, 2, 1, 1, 1, 1, 1, 2, 1, 1, 2, 1, 0, 2, 1, 2, 1, 2, 1, 0, 1, 1, 2, 1, 2, 1, 2, 1, 1, 1, 0, 2, 0, 1, 1, 0, 1, 2, 1]
INFO:2016-12-20 14:41:03,177:D:\project\weibo_showing\app\analyse\求助结果
INFO:2016-12-20 14:41:03,776:[0, 0, 0, 2, 0, 0, 2, 2, 0, 2, 2, 0, 0, 0, 2, 0, 0, 2, 2, 2, 0, 0, 2, 2, 0, 0, 0, 2, 0, 2, 0, 0, 2, 0, 0, 2, 0, 0, 1, 0, 2, 2, 0, 1, 0, 0, 2, 0, 0, 0, 2, 2, 0, 2, 0, 2, 2, 2, 2, 2, 0, 2, 0, 0, 0, 2, 0, 0, 2, 0, 2, 0, 2, 0, 0, 2, 0, 0, 2, 0, 0, 0, 0, 0, 2, 2, 0, 0, 0, 0, 2, 0, 1, 0, 2, 0, 0, 0, 2, 0, 2, 2, 0, 2, 0, 0, 2, 0, 0, 1, 1, 2]
INFO:2016-12-20 14:41:04,517:D:\project\weibo_showing\app\analyse\校园生活结果
INFO:2016-12-20 14:41:05,107:D:\project\weibo_showing\app\analyse\学校新闻结果
INFO:2016-12-20 14:41:05,194:D:\project\weibo_showing\app\analyse\网络结果
INFO:2016-12-20 14:41:05,941:D:\project\weibo_showing\app\analyse\情感结果
INFO:2016-12-20 14:46:05,948:D:\project\weibo_showing\app\analyse\买卖交易结果
INFO:2016-12-20 14:46:06,451:[2, 2, 2, 2, 2, 1, 2, 2, 1, 2, 2, 2, 1, 2, 2, 1, 2, 1, 1, 1, 2, 2, 2, 2, 2, 2, 2, 2, 2, 2, 2, 2, 2, 1, 2, 2, 2, 2, 2, 2, 1, 2, 2, 2, 2, 2, 2, 1, 2, 2, 2, 1, 2, 2, 1, 1, 2, 1, 2, 2, 2, 1, 2, 2, 2, 2, 2, 2, 1, 2, 1, 2, 2, 1, 2, 2, 2, 2, 1, 2, 2, 2, 2, 2, 1, 2, 2, 2, 1, 2]
INFO:2016-12-20 14:46:07,331:D:\project\weibo_showing\app\analyse\求助结果
INFO:2016-12-20 14:46:07,760:[2, 0, 1, 0, 2, 1, 2, 2, 0, 1, 2, 0, 0, 0, 0, 2, 1, 1, 1, 2, 0, 2, 1, 1, 1, 2, 1, 1, 2, 1, 1, 2, 2, 0, 0, 0, 2, 1, 2, 1, 2, 2, 2, 2, 0, 1, 1, 2, 1, 1, 2, 1, 2, 1, 1, 1, 2, 2, 1, 0, 0, 0, 1, 1, 1, 2, 2, 2, 0, 2, 2, 0, 2, 0, 0, 2, 0, 2, 2, 0, 2, 1, 2, 2, 0, 2, 2]
INFO:2016-12-20 14:46:08,496:D:\project\weibo_showing\app\analyse\校园生活结果
INFO:2016-12-20 14:46:09,063:D:\project\weibo_showing\app\analyse\学校新闻结果
INFO:2016-12-20 14:46:09,145:D:\project\weibo_showing\app\analyse\网络结果
INFO:2016-12-20 14:46:09,845:D:\project\weibo_showing\app\analyse\情感结果
INFO:2016-12-20 14:50:22,135:D:\project\weibo_showing\app\analyse\买卖交易结果
INFO:2016-12-20 14:50:22,661:[0, 2, 0, 0, 2, 1, 2, 0, 1, 0, 0, 0, 1, 0, 0, 1, 0, 1, 1, 1, 2, 0, 0, 0, 2, 0, 0, 2, 0, 2, 2, 0, 0, 1, 0, 0, 0, 2, 0, 2, 1, 0, 0, 0, 0, 0, 0, 1, 0, 2, 0, 1, 0, 2, 1, 1, 0, 1, 0, 2, 0, 1, 0, 0, 2, 0, 2, 0, 1, 0, 1, 0, 0, 1, 0, 0, 0, 2, 1, 2, 0, 0, 0, 0, 1, 2, 0, 2, 1, 0]
INFO:2016-12-20 14:50:23,605:D:\project\weibo_showing\app\analyse\求助结果
INFO:2016-12-20 14:50:24,207:[0, 2, 0, 1, 2, 2, 1, 1, 2, 1, 1, 2, 2, 0, 1, 2, 2, 1, 1, 1, 0, 0, 1, 1, 2, 2, 2, 1, 2, 1, 2, 0, 1, 2, 2, 1, 2, 2, 2, 2, 1, 1, 2, 2, 2, 0, 1, 0, 0, 0, 1, 1, 2, 1, 2, 1, 1, 1, 1, 1, 2, 1, 2, 2, 0, 1, 0, 2, 1, 2, 1, 2, 1, 2, 2, 1, 2, 0, 1, 2, 0, 2, 2, 2, 1, 1, 2, 2, 2, 2, 1, 0, 2, 0, 1, 2, 0, 0, 1, 0, 1, 1, 0, 1, 2, 2, 1, 0, 0, 2, 2, 1]
INFO:2016-12-20 14:50:24,944:D:\project\weibo_showing\app\analyse\校园生活结果
INFO:2016-12-20 14:50:25,447:[2, 2, 2, 2, 2, 2, 1, 1, 2, 2, 2, 2, 2, 1, 2, 2, 0, 0, 2, 2, 2, 1, 1, 0, 1, 2, 2, 2, 1, 1, 2, 2, 1, 1, 1, 2, 2, 1, 0, 1, 2, 2, 1, 1, 2, 2, 0, 2, 2, 2, 0, 1, 1, 2, 1, 2, 2, 2, 2, 0, 2, 1, 2, 1, 2, 1, 2, 2, 1, 1, 2, 1, 1, 1, 2, 2, 2, 2, 1, 2, 0]
INFO:2016-12-20 14:50:25,951:D:\project\weibo_showing\app\analyse\学校新闻结果
INFO:2016-12-20 14:52:06,782:D:\project\weibo_showing\app\analyse\买卖交易结果
INFO:2016-12-20 14:52:07,079:[0, 0, 0, 1, 0, 0, 1, 0, 0, 0, 1, 0, 1, 0, 0, 0, 0, 0, 0, 0, 0, 0, 0, 1, 0, 0, 0, 0, 1, 0, 0, 0, 0, 0, 1, 0, 0, 1, 0, 0, 1, 0, 1, 0, 1, 0, 0, 0, 0, 1, 0, 1, 0, 1, 0, 0, 0, 0, 1, 0, 0, 0, 0, 0, 1, 0]
INFO:2016-12-20 14:52:07,884:D:\project\weibo_showing\app\analyse\求助结果
INFO:2016-12-20 14:52:08,262:[0, 2, 0, 2, 0, 0, 2, 0, 2, 2, 2, 2, 0, 2, 2, 2, 0, 2, 0, 2, 2, 2, 1, 2, 2, 0, 2, 2, 1, 0, 2, 2, 2, 0, 2, 0, 2, 0, 0, 0, 0, 2, 2, 0, 2, 2, 0, 2, 0, 2, 2, 0, 0, 2, 2, 2, 2, 2, 2, 2, 0, 0, 0, 2, 1, 2, 0, 2, 2, 0, 2, 0, 0, 2, 0, 2, 0, 2, 1, 0]
INFO:2016-12-20 14:52:08,880:D:\project\weibo_showing\app\analyse\校园生活结果
INFO:2016-12-20 14:52:09,345:[1, 1, 1, 1, 1, 1, 0, 0, 1, 1, 1, 1, 1, 0, 1, 1, 0, 0, 1, 1, 2, 0, 0, 0, 0, 1, 1, 1, 0, 0, 1, 1, 0, 0, 0, 1, 1, 0, 0, 0, 1, 1, 0, 0, 1, 1, 0, 1, 1, 2, 0, 0, 0, 1, 0, 1, 1, 1, 1, 0, 1, 0, 1, 0, 1, 0, 1, 1, 0, 0, 1, 0, 0, 0, 1, 1, 1, 1, 0, 1, 0]
INFO:2016-12-20 14:52:09,822:D:\project\weibo_showing\app\analyse\学校新闻结果
INFO:2016-12-20 14:52:10,003:[0, 2, 0, 0, 2, 0, 2, 2, 2, 0, 0, 0, 2, 2, 2, 0, 0, 1, 2, 0, 0, 2, 0, 2, 0, 0, 2, 2, 0, 2, 0, 0, 2, 2, 0, 0, 2, 0, 2, 0, 0, 0]
INFO:2016-12-20 14:52:10,035:D:\project\weibo_showing\app\analyse\网络结果
INFO:2016-12-20 14:52:10,710:D:\project\weibo_showing\app\analyse\情感结果
INFO:2016-12-20 14:52:11,028:[2, 0, 2, 2, 0, 0, 0, 2, 2, 2, 2, 2, 2, 2, 0, 2, 0, 2, 0, 0, 0, 2, 0, 0, 0, 0, 2, 0, 2, 2, 0, 0, 2, 0, 2, 2, 0, 2, 2, 0, 2, 0, 2, 2, 2, 0, 0, 2, 2, 0, 2, 2, 2, 0, 2, 2, 2, 2]
INFO:2016-12-20 15:46:52,232:D:\project\weibo_showing\app\analyse\买卖交易结果
INFO:2016-12-20 15:46:52,694:[1, 0, 1, 1, 0, 2, 0, 1, 2, 1, 1, 1, 2, 1, 1, 2, 1, 2, 2, 2, 0, 1, 1, 1, 0, 1, 1, 0, 1, 0, 0, 1, 1, 2, 1, 1, 1, 0, 1, 0, 2, 1, 1, 1, 1, 1, 1, 2, 1, 0, 1, 2, 1, 0, 2, 2, 1, 2, 1, 0, 1, 2, 1, 1, 0, 1, 0, 1, 2, 1, 2, 1, 1, 2, 1, 1, 1, 0, 2, 0, 1, 1, 1, 1, 2, 0, 1, 0, 2, 1]
INFO:2016-12-20 15:46:53,516:D:\project\weibo_showing\app\analyse\求助结果
INFO:2016-12-20 15:46:53,882:[0, 2, 0, 2, 0, 0, 2, 0, 2, 2, 2, 2, 0, 2, 2, 2, 0, 2, 0, 2, 2, 2, 1, 2, 2, 0, 2, 2, 1, 0, 2, 2, 2, 0, 2, 0, 2, 0, 0, 0, 0, 2, 2, 0, 2, 2, 0, 2, 0, 2, 2, 0, 0, 2, 2, 2, 2, 2, 2, 2, 0, 0, 0, 2, 1, 2, 0, 2, 2, 0, 2, 0, 0, 2, 0, 2, 0, 2, 1, 0]
INFO:2016-12-20 15:46:54,525:D:\project\weibo_showing\app\analyse\校园生活结果
INFO:2016-12-20 15:46:54,973:[1, 1, 1, 1, 1, 1, 2, 2, 1, 1, 1, 1, 1, 2, 1, 1, 2, 2, 1, 1, 1, 2, 2, 2, 2, 1, 1, 1, 2, 2, 1, 1, 2, 2, 2, 1, 1, 2, 2, 2, 1, 1, 2, 2, 1, 1, 2, 1, 1, 1, 2, 2, 2, 1, 2, 1, 1, 1, 1, 2, 1, 2, 1, 2, 1, 2, 1, 1, 2, 2, 1, 2, 2, 2, 1, 1, 1, 1, 2, 1, 2]
INFO:2016-12-20 15:46:55,405:D:\project\weibo_showing\app\analyse\学校新闻结果
INFO:2016-12-20 15:46:55,637:[2, 1, 2, 1, 1, 2, 1, 2, 2, 2, 1, 0, 0, 1, 2, 2, 2, 0, 1, 1, 0, 2, 1, 0, 2, 1, 2, 1, 1, 2, 2, 2, 2, 1, 1, 2, 1, 2, 1, 1, 1, 2, 2, 0, 1, 1, 1, 2, 2, 1, 2, 1, 1, 1]
INFO:2016-12-20 15:46:55,661:D:\project\weibo_showing\app\analyse\网络结果
INFO:2016-12-20 15:46:56,292:D:\project\weibo_showing\app\analyse\情感结果
INFO:2016-12-20 15:46:56,608:[0, 0, 2, 0, 2, 2, 0, 1, 0, 0, 0, 0, 2, 2, 1, 0, 2, 2, 1, 0, 2, 0, 2, 0, 0, 2, 0, 1, 2, 0, 1, 2, 2, 2, 1, 0, 2, 0, 1, 1, 0, 2, 2, 0, 2, 0, 2, 1, 0, 1, 2, 2, 2]
